build/app/intermediates/manifest_merge_blame_file/debug/processDebugMainManifest/manifest-merger-blame-debug-report.txt
1<?xml version="1.0" encoding="utf-8"?>
2<manifest xmlns:android="http://schemas.android.com/apk/res/android"
3    package="com.example.flutter_facetec_sample_app"
4    android:versionCode="1"
5    android:versionName="1.0.0" >
6
7    <uses-sdk
8        android:minSdkVersion="21"
9        android:targetSdkVersion="35" />
10    <!--
11         The INTERNET permission is required for development. Specifically,
12         the Flutter tool needs it to communicate with the running application
13         to allow setting breakpoints, to provide hot reload, etc.
14    -->
15    <uses-permission android:name="android.permission.INTERNET" />
15-->src/debug/AndroidManifest.xml:6:5-66
15-->src/debug/AndroidManifest.xml:6:22-64
16    <uses-permission android:name="android.permission.CAMERA" />
16-->[facetec-sdk-9.7.68.aar] AndroidManifest.xml:4:2-61
16-->[facetec-sdk-9.7.68.aar] AndroidManifest.xml:4:19-59
17    <uses-permission android:name="android.permission.ACCESS_NETWORK_STATE" />
17-->[facetec-sdk-9.7.68.aar] AndroidManifest.xml:5:2-75
17-->[facetec-sdk-9.7.68.aar] AndroidManifest.xml:5:19-73
18    <uses-permission android:name="android.permission.ACCESS_WIFI_STATE" />
18-->[facetec-sdk-9.7.68.aar] AndroidManifest.xml:6:2-72
18-->[facetec-sdk-9.7.68.aar] AndroidManifest.xml:6:19-70
19
20    <queries>
20-->[facetec-sdk-9.7.68.aar] AndroidManifest.xml:7:2-11:12
21        <intent>
21-->[facetec-sdk-9.7.68.aar] AndroidManifest.xml:8:3-10:12
22            <action android:name="android.intent.action.TTS_SERVICE" />
22-->[facetec-sdk-9.7.68.aar] AndroidManifest.xml:9:4-62
22-->[facetec-sdk-9.7.68.aar] AndroidManifest.xml:9:12-60
23        </intent>
24    </queries>
25
26    <uses-feature
26-->[facetec-sdk-9.7.68.aar] AndroidManifest.xml:12:2-81
27        android:name="android.hardware.camera"
27-->[facetec-sdk-9.7.68.aar] AndroidManifest.xml:12:16-54
28        android:required="false" />
28-->[facetec-sdk-9.7.68.aar] AndroidManifest.xml:12:55-79
29    <uses-feature
29-->[facetec-sdk-9.7.68.aar] AndroidManifest.xml:13:2-87
30        android:name="android.hardware.camera.front"
30-->[facetec-sdk-9.7.68.aar] AndroidManifest.xml:13:16-60
31        android:required="false" />
31-->[facetec-sdk-9.7.68.aar] AndroidManifest.xml:13:61-85
32    <uses-feature
32-->[facetec-sdk-9.7.68.aar] AndroidManifest.xml:14:2-91
33        android:name="android.hardware.camera.autofocus"
33-->[facetec-sdk-9.7.68.aar] AndroidManifest.xml:14:16-64
34        android:required="false" />
34-->[facetec-sdk-9.7.68.aar] AndroidManifest.xml:14:65-89
35
36    <permission
36-->[androidx.core:core:1.13.1] AndroidManifest.xml:22:5-24:47
37        android:name="com.example.flutter_facetec_sample_app.DYNAMIC_RECEIVER_NOT_EXPORTED_PERMISSION"
37-->[androidx.core:core:1.13.1] AndroidManifest.xml:23:9-81
38        android:protectionLevel="signature" />
38-->[androidx.core:core:1.13.1] AndroidManifest.xml:24:9-44
39
40    <uses-permission android:name="com.example.flutter_facetec_sample_app.DYNAMIC_RECEIVER_NOT_EXPORTED_PERMISSION" />
40-->[androidx.core:core:1.13.1] AndroidManifest.xml:26:5-97
40-->[androidx.core:core:1.13.1] AndroidManifest.xml:26:22-94
41
42    <application
43        android:name="android.app.Application"
44        android:appComponentFactory="androidx.core.app.CoreComponentFactory"
44-->[androidx.core:core:1.13.1] AndroidManifest.xml:28:18-86
45        android:debuggable="true"
46        android:extractNativeLibs="true"
47        android:hardwareAccelerated="true"
47-->[facetec-sdk-9.7.68.aar] AndroidManifest.xml:15:15-49
48        android:icon="@mipmap/launcher_icon"
49        android:label="flutter_facetec_sample_app"
50        android:largeHeap="true" >
50-->[facetec-sdk-9.7.68.aar] AndroidManifest.xml:15:50-74
51        <activity
52            android:name="com.example.flutter_facetec_sample_app.MainActivity"
53            android:configChanges="orientation|keyboardHidden|keyboard|screenSize|smallestScreenSize|locale|layoutDirection|fontScale|screenLayout|density|uiMode"
54            android:exported="true"
55            android:hardwareAccelerated="true"
56            android:launchMode="singleTop"
57            android:theme="@style/LaunchTheme"
58            android:windowSoftInputMode="adjustResize" >
59
60            <!--
61                 Specifies an Android theme to apply to this Activity as soon as
62                 the Android process has started. This theme is visible to the user
63                 while the Flutter UI initializes. After that, this theme continues
64                 to determine the Window background behind the Flutter UI.
65            -->
66            <meta-data
67                android:name="io.flutter.embedding.android.NormalTheme"
68                android:resource="@style/NormalTheme" />
69
70            <intent-filter>
71                <action android:name="android.intent.action.MAIN" />
72
73                <category android:name="android.intent.category.LAUNCHER" />
74            </intent-filter>
75        </activity>
76        <!--
77             Don't delete the meta-data below.
78             This is used by the Flutter tool to generate GeneratedPluginRegistrant.java
79        -->
80        <meta-data
81            android:name="flutterEmbedding"
82            android:value="2" />
83
84        <activity
84-->[facetec-sdk-9.7.68.aar] AndroidManifest.xml:16:3-317
85            android:name="com.facetec.sdk.FaceTecSessionActivity"
85-->[facetec-sdk-9.7.68.aar] AndroidManifest.xml:16:109-162
86            android:configChanges="orientation|keyboardHidden|screenSize"
86-->[facetec-sdk-9.7.68.aar] AndroidManifest.xml:16:13-74
87            android:excludeFromRecents="true"
87-->[facetec-sdk-9.7.68.aar] AndroidManifest.xml:16:75-108
88            android:resizeableActivity="false"
88-->[facetec-sdk-9.7.68.aar] AndroidManifest.xml:16:163-197
89            android:supportsRtl="true"
89-->[facetec-sdk-9.7.68.aar] AndroidManifest.xml:16:198-224
90            android:theme="@style/Theme.AppCompat.Translucent"
90-->[facetec-sdk-9.7.68.aar] AndroidManifest.xml:16:225-275
91            android:windowSoftInputMode="adjustPan" />
91-->[facetec-sdk-9.7.68.aar] AndroidManifest.xml:16:276-315
92
93        <uses-library
93-->[androidx.window:window:1.2.0] AndroidManifest.xml:23:9-25:40
94            android:name="androidx.window.extensions"
94-->[androidx.window:window:1.2.0] AndroidManifest.xml:24:13-54
95            android:required="false" />
95-->[androidx.window:window:1.2.0] AndroidManifest.xml:25:13-37
96        <uses-library
96-->[androidx.window:window:1.2.0] AndroidManifest.xml:26:9-28:40
97            android:name="androidx.window.sidecar"
97-->[androidx.window:window:1.2.0] AndroidManifest.xml:27:13-51
98            android:required="false" />
98-->[androidx.window:window:1.2.0] AndroidManifest.xml:28:13-37
99
100        <provider
100-->[androidx.emoji2:emoji2:1.2.0] AndroidManifest.xml:24:9-32:20
101            android:name="androidx.startup.InitializationProvider"
101-->[androidx.emoji2:emoji2:1.2.0] AndroidManifest.xml:25:13-67
102            android:authorities="com.example.flutter_facetec_sample_app.androidx-startup"
102-->[androidx.emoji2:emoji2:1.2.0] AndroidManifest.xml:26:13-68
103            android:exported="false" >
103-->[androidx.emoji2:emoji2:1.2.0] AndroidManifest.xml:27:13-37
104            <meta-data
104-->[androidx.emoji2:emoji2:1.2.0] AndroidManifest.xml:29:13-31:52
105                android:name="androidx.emoji2.text.EmojiCompatInitializer"
105-->[androidx.emoji2:emoji2:1.2.0] AndroidManifest.xml:30:17-75
106                android:value="androidx.startup" />
106-->[androidx.emoji2:emoji2:1.2.0] AndroidManifest.xml:31:17-49
107            <meta-data
107-->[androidx.lifecycle:lifecycle-process:2.7.0] AndroidManifest.xml:29:13-31:52
108                android:name="androidx.lifecycle.ProcessLifecycleInitializer"
108-->[androidx.lifecycle:lifecycle-process:2.7.0] AndroidManifest.xml:30:17-78
109                android:value="androidx.startup" />
109-->[androidx.lifecycle:lifecycle-process:2.7.0] AndroidManifest.xml:31:17-49
110            <meta-data
110-->[androidx.profileinstaller:profileinstaller:1.3.1] AndroidManifest.xml:29:13-31:52
111                android:name="androidx.profileinstaller.ProfileInstallerInitializer"
111-->[androidx.profileinstaller:profileinstaller:1.3.1] AndroidManifest.xml:30:17-85
112                android:value="androidx.startup" />
112-->[androidx.profileinstaller:profileinstaller:1.3.1] AndroidManifest.xml:31:17-49
113        </provider>
114
115        <receiver
115-->[androidx.profileinstaller:profileinstaller:1.3.1] AndroidManifest.xml:34:9-52:20
116            android:name="androidx.profileinstaller.ProfileInstallReceiver"
116-->[androidx.profileinstaller:profileinstaller:1.3.1] AndroidManifest.xml:35:13-76
117            android:directBootAware="false"
117-->[androidx.profileinstaller:profileinstaller:1.3.1] AndroidManifest.xml:36:13-44
118            android:enabled="true"
118-->[androidx.profileinstaller:profileinstaller:1.3.1] AndroidManifest.xml:37:13-35
119            android:exported="true"
119-->[androidx.profileinstaller:profileinstaller:1.3.1] AndroidManifest.xml:38:13-36
120            android:permission="android.permission.DUMP" >
120-->[androidx.profileinstaller:profileinstaller:1.3.1] AndroidManifest.xml:39:13-57
121            <intent-filter>
121-->[androidx.profileinstaller:profileinstaller:1.3.1] AndroidManifest.xml:40:13-42:29
122                <action android:name="androidx.profileinstaller.action.INSTALL_PROFILE" />
122-->[androidx.profileinstaller:profileinstaller:1.3.1] AndroidManifest.xml:41:17-91
122-->[androidx.profileinstaller:profileinstaller:1.3.1] AndroidManifest.xml:41:25-88
123            </intent-filter>
124            <intent-filter>
124-->[androidx.profileinstaller:profileinstaller:1.3.1] AndroidManifest.xml:43:13-45:29
125                <action android:name="androidx.profileinstaller.action.SKIP_FILE" />
125-->[androidx.profileinstaller:profileinstaller:1.3.1] AndroidManifest.xml:44:17-85
125-->[androidx.profileinstaller:profileinstaller:1.3.1] AndroidManifest.xml:44:25-82
126            </intent-filter>
127            <intent-filter>
127-->[androidx.profileinstaller:profileinstaller:1.3.1] AndroidManifest.xml:46:13-48:29
128                <action android:name="androidx.profileinstaller.action.SAVE_PROFILE" />
128-->[androidx.profileinstaller:profileinstaller:1.3.1] AndroidManifest.xml:47:17-88
128-->[androidx.profileinstaller:profileinstaller:1.3.1] AndroidManifest.xml:47:25-85
129            </intent-filter>
130            <intent-filter>
130-->[androidx.profileinstaller:profileinstaller:1.3.1] AndroidManifest.xml:49:13-51:29
131                <action android:name="androidx.profileinstaller.action.BENCHMARK_OPERATION" />
131-->[androidx.profileinstaller:profileinstaller:1.3.1] AndroidManifest.xml:50:17-95
131-->[androidx.profileinstaller:profileinstaller:1.3.1] AndroidManifest.xml:50:25-92
132            </intent-filter>
133        </receiver>
134    </application>
135
136</manifest>